{"C:\\Users\\Admin\\Desktop\\React\\02-first-steps\\src\\FirstStepsApp.tsx": {"path":"C:\\Users\\Admin\\Desktop\\React\\02-first-steps\\src\\FirstStepsApp.tsx","statementMap":{"0":{"start":{"line":10,"column":34},"end":{"line":15,"column":null}},"1":{"start":{"line":18,"column":4},"end":{"line":25,"column":51}},"2":{"start":{"line":24,"column":58},"end":{"line":25,"column":51}}},"fnMap":{"0":{"name":"FirstStepsApp","decl":{"start":{"line":17,"column":16},"end":{"line":17,"column":null}},"loc":{"start":{"line":17,"column":16},"end":{"line":35,"column":null}},"line":17},"1":{"name":"(anonymous_1)","decl":{"start":{"line":24,"column":32},"end":{"line":24,"column":33}},"loc":{"start":{"line":24,"column":58},"end":{"line":25,"column":51}},"line":24}},"branchMap":{},"s":{"0":1,"1":3,"2":9},"f":{"0":3,"1":9},"b":{},"meta":{"lastBranch":0,"lastFunction":2,"lastStatement":3,"seen":{"s:10:34:15:Infinity":0,"f:17:16:17:Infinity":0,"s:18:4:25:51":1,"f:24:32:24:33":1,"s:24:58:25:51":2}}}
,"C:\\Users\\Admin\\Desktop\\React\\02-first-steps\\src\\MyAwesomeApp.tsx": {"path":"C:\\Users\\Admin\\Desktop\\React\\02-first-steps\\src\\MyAwesomeApp.tsx","statementMap":{"0":{"start":{"line":12,"column":18},"end":{"line":12,"column":null}},"1":{"start":{"line":13,"column":17},"end":{"line":13,"column":null}},"2":{"start":{"line":15,"column":22},"end":{"line":15,"column":null}},"3":{"start":{"line":17,"column":17},"end":{"line":17,"column":null}},"4":{"start":{"line":19,"column":16},"end":{"line":23,"column":null}},"5":{"start":{"line":26,"column":32},"end":{"line":30,"column":null}},"6":{"start":{"line":33,"column":28},"end":{"line":47,"column":null}},"7":{"start":{"line":34,"column":4},"end":{"line":44,"column":null}}},"fnMap":{"0":{"name":"(anonymous_0)","decl":{"start":{"line":33,"column":28},"end":{"line":33,"column":null}},"loc":{"start":{"line":33,"column":28},"end":{"line":47,"column":null}},"line":33}},"branchMap":{"0":{"loc":{"start":{"line":42,"column":17},"end":{"line":42,"column":null}},"type":"cond-expr","locations":[{"start":{"line":42,"column":28},"end":{"line":42,"column":39}},{"start":{"line":42,"column":39},"end":{"line":42,"column":null}}],"line":42}},"s":{"0":1,"1":1,"2":1,"3":1,"4":1,"5":1,"6":1,"7":4},"f":{"0":4},"b":{"0":[0,4]},"meta":{"lastBranch":1,"lastFunction":1,"lastStatement":8,"seen":{"s:12:18:12:Infinity":0,"s:13:17:13:Infinity":1,"s:15:22:15:Infinity":2,"s:17:17:17:Infinity":3,"s:19:16:23:Infinity":4,"s:26:32:30:Infinity":5,"s:33:28:47:Infinity":6,"f:33:28:33:Infinity":0,"s:34:4:44:Infinity":7,"b:42:28:42:39:42:39:42:Infinity":0}}}
,"C:\\Users\\Admin\\Desktop\\React\\02-first-steps\\src\\helpers\\main.helpers.ts": {"path":"C:\\Users\\Admin\\Desktop\\React\\02-first-steps\\src\\helpers\\main.helpers.ts","statementMap":{"0":{"start":{"line":4,"column":19},"end":{"line":6,"column":null}},"1":{"start":{"line":5,"column":4},"end":{"line":5,"column":null}},"2":{"start":{"line":8,"column":24},"end":{"line":10,"column":null}},"3":{"start":{"line":9,"column":4},"end":{"line":9,"column":null}},"4":{"start":{"line":12,"column":24},"end":{"line":14,"column":null}},"5":{"start":{"line":13,"column":4},"end":{"line":13,"column":null}},"6":{"start":{"line":15,"column":22},"end":{"line":17,"column":null}},"7":{"start":{"line":16,"column":4},"end":{"line":16,"column":null}}},"fnMap":{"0":{"name":"(anonymous_0)","decl":{"start":{"line":4,"column":19},"end":{"line":4,"column":20}},"loc":{"start":{"line":4,"column":31},"end":{"line":6,"column":null}},"line":4},"1":{"name":"(anonymous_1)","decl":{"start":{"line":8,"column":24},"end":{"line":8,"column":25}},"loc":{"start":{"line":8,"column":36},"end":{"line":10,"column":null}},"line":8},"2":{"name":"(anonymous_2)","decl":{"start":{"line":12,"column":24},"end":{"line":12,"column":25}},"loc":{"start":{"line":12,"column":36},"end":{"line":14,"column":null}},"line":12},"3":{"name":"(anonymous_3)","decl":{"start":{"line":15,"column":22},"end":{"line":15,"column":23}},"loc":{"start":{"line":15,"column":34},"end":{"line":17,"column":null}},"line":15}},"branchMap":{},"s":{"0":1,"1":2,"2":1,"3":2,"4":1,"5":2,"6":1,"7":1},"f":{"0":2,"1":2,"2":2,"3":1},"b":{},"meta":{"lastBranch":0,"lastFunction":4,"lastStatement":8,"seen":{"s:4:19:6:Infinity":0,"f:4:19:4:20":0,"s:5:4:5:Infinity":1,"s:8:24:10:Infinity":2,"f:8:24:8:25":1,"s:9:4:9:Infinity":3,"s:12:24:14:Infinity":4,"f:12:24:12:25":2,"s:13:4:13:Infinity":5,"s:15:22:17:Infinity":6,"f:15:22:15:23":3,"s:16:4:16:Infinity":7}}}
,"C:\\Users\\Admin\\Desktop\\React\\02-first-steps\\src\\shopping-cart\\ItemCounter.module.css": {"path":"C:\\Users\\Admin\\Desktop\\React\\02-first-steps\\src\\shopping-cart\\ItemCounter.module.css","statementMap":{},"fnMap":{},"branchMap":{},"s":{},"f":{},"b":{},"meta":{"lastBranch":0,"lastFunction":0,"lastStatement":0,"seen":{}}}
,"C:\\Users\\Admin\\Desktop\\React\\02-first-steps\\src\\shopping-cart\\ItemCounter.tsx": {"path":"C:\\Users\\Admin\\Desktop\\React\\02-first-steps\\src\\shopping-cart\\ItemCounter.tsx","statementMap":{"0":{"start":{"line":11,"column":27},"end":{"line":49,"column":null}},"1":{"start":{"line":12,"column":27},"end":{"line":12,"column":null}},"2":{"start":{"line":14,"column":22},"end":{"line":18,"column":null}},"3":{"start":{"line":17,"column":8},"end":{"line":17,"column":null}},"4":{"start":{"line":20,"column":27},"end":{"line":24,"column":null}},"5":{"start":{"line":21,"column":8},"end":{"line":21,"column":null}},"6":{"start":{"line":21,"column":25},"end":{"line":21,"column":null}},"7":{"start":{"line":23,"column":8},"end":{"line":23,"column":null}},"8":{"start":{"line":26,"column":4},"end":{"line":46,"column":null}}},"fnMap":{"0":{"name":"(anonymous_0)","decl":{"start":{"line":11,"column":27},"end":{"line":11,"column":28}},"loc":{"start":{"line":11,"column":57},"end":{"line":49,"column":null}},"line":11},"1":{"name":"(anonymous_1)","decl":{"start":{"line":14,"column":22},"end":{"line":14,"column":null}},"loc":{"start":{"line":14,"column":22},"end":{"line":18,"column":null}},"line":14},"2":{"name":"(anonymous_2)","decl":{"start":{"line":20,"column":27},"end":{"line":20,"column":null}},"loc":{"start":{"line":20,"column":27},"end":{"line":24,"column":null}},"line":20}},"branchMap":{"0":{"loc":{"start":{"line":11,"column":36},"end":{"line":11,"column":48}},"type":"default-arg","locations":[{"start":{"line":11,"column":47},"end":{"line":11,"column":48}}],"line":11},"1":{"loc":{"start":{"line":21,"column":8},"end":{"line":21,"column":null}},"type":"if","locations":[{"start":{"line":21,"column":8},"end":{"line":21,"column":null}},{"start":{},"end":{}}],"line":21},"2":{"loc":{"start":{"line":39,"column":27},"end":{"line":39,"column":null}},"type":"cond-expr","locations":[{"start":{"line":39,"column":41},"end":{"line":39,"column":49}},{"start":{"line":39,"column":49},"end":{"line":39,"column":null}}],"line":39}},"s":{"0":1,"1":9,"2":9,"3":1,"4":9,"5":2,"6":1,"7":1,"8":9},"f":{"0":9,"1":1,"2":2},"b":{"0":[9],"1":[1,1],"2":[4,5]},"meta":{"lastBranch":3,"lastFunction":3,"lastStatement":9,"seen":{"s:11:27:49:Infinity":0,"f:11:27:11:28":0,"b:11:47:11:48":0,"s:12:27:12:Infinity":1,"s:14:22:18:Infinity":2,"f:14:22:14:Infinity":1,"s:17:8:17:Infinity":3,"s:20:27:24:Infinity":4,"f:20:27:20:Infinity":2,"b:21:8:21:Infinity:undefined:undefined:undefined:undefined":1,"s:21:8:21:Infinity":5,"s:21:25:21:Infinity":6,"s:23:8:23:Infinity":7,"s:26:4:46:Infinity":8,"b:39:41:39:49:39:49:39:Infinity":2}}}
}
